ABCD123426-02-2025 09:56ABCD1234
26-02-2025 09:56ABCD1234
26-02-2025 10:41 ABCD1234
26-02-2025 13:22 ABCD1234
26-02-2025 13:28 ABCD1234
26-02-2025 13:51 ABCD1234
26-02-2025 13:53 ABCD1234
26-02-2025 13:55 ABCD1234
26-02-2025 13:56 ABCD1234
26-02-2025 13:57 ABCD1234
26-02-2025 13:57 ABCD1234
26-02-2025 14:00 ABCD1234
26-02-2025 14:00 ABCD1234
26-02-2025 14:00 ABCD1234
26-02-2025 14:01 ABCD1234
26-02-2025 14:34 ABCD1234
26-02-2025 14:35 ABCD1234
26-02-2025 14:36 ABCD1234
26-02-2025 14:37 ABCD1234
26-02-2025 14:37 ABCD1234
26-02-2025 14:37 ABCD1234
26-02-2025 14:38 ABCD1234
26-02-2025 14:38 ABCD1234
26-02-2025 14:39 ABCD1234
26-02-2025 14:40 ABCD1234
26-02-2025 14:40 ABCD1234
26-02-2025 14:41 ABCD1234
26-02-2025 14:42 ABCD1234
26-02-2025 14:42 ABCD1234
27-02-2025 00:43 Ceci est un petit test
27-02-2025 01:00 test
27-02-2025 01:01 aed
27-02-2025 01:03 aef
27-02-2025 01:03 aef
09-04-2025 14:44 nique : oui
