ca marche26-02-2025 09:56ca marche
26-02-2025 09:56ca marche
26-02-2025 10:41 ca marche
26-02-2025 13:22 ca marche
26-02-2025 13:28 ca marche
26-02-2025 13:51 ca marche
26-02-2025 13:53 ca marche
26-02-2025 13:55 ca marche
26-02-2025 13:56 ca marche
26-02-2025 13:57 ca marche
26-02-2025 13:57 ca marche
26-02-2025 14:00 ca marche
26-02-2025 14:00 ca marche
26-02-2025 14:00 ca marche
26-02-2025 14:01 ca marche
26-02-2025 14:34 ca marche
26-02-2025 14:35 ca marche
26-02-2025 14:36 ca marche
26-02-2025 14:37 ca marche
26-02-2025 14:37 ca marche
26-02-2025 14:37 ca marche
26-02-2025 14:38 ca marche
26-02-2025 14:38 ca marche
26-02-2025 14:39 ca marche
26-02-2025 14:40 ca marche
26-02-2025 14:40 ca marche
26-02-2025 14:41 ca marche
26-02-2025 14:42 ca marche
26-02-2025 14:42 ca marche
27-02-2025 00:55 Test
02-04-2025 03:15 coucou
02-04-2025 03:24 moi : test
