02-04-2025 02:49 [SUCCESS] moi : Found : Leola Kennady
02-04-2025 03:04 [SUCCESS] nique : Found : Craggy Gostick
02-04-2025 03:04 [SUCCESS] nique : Found : Craggy Gostick
02-04-2025 03:13 [SUCCESS] nique : Found : Meghann Paulusch
02-04-2025 03:15 [SUCCESS] nique : Found : Meghann Paulusch
02-04-2025 03:15 [SUCCESS] nique : Found : Meghann Paulusch
02-04-2025 03:22 [SUCCESS] moi : Found : Meghann Paulusch
02-04-2025 03:22 [SUCCESS] moi : Found : Meghann Paulusch
02-04-2025 03:24 [SUCCESS] moi : Found : Meghann Paulusch
02-04-2025 03:24 [SUCCESS] moi : Found : Meghann Paulusch
02-04-2025 03:32 [ERROR] zelkfnilzbigfzbg : try logged in
02-04-2025 03:33 [ERROR] fsge : try logged in
02-04-2025 10:35 [REGISTER] gneeee viewer : logged in
02-04-2025 10:37 [REGISTER] zefzefzf viewer : registered
02-04-2025 10:50 [CONNECTION] aaa : logged in
02-04-2025 10:52 [ERROR] '<script>alert('coucou')</script> // : try logged in
02-04-2025 11:45 [REGISTER] ezverzgfegetgrebrt²re² : role = viewer
02-04-2025 11:47 [CONNECTION] nique : logged in
02-04-2025 11:47 [SUCCESS] nique : Found : Jeannie Sivell
03-04-2025 15:56 [CONNECTION] oncle : logged in
03-04-2025 16:18 [CONNECTION] nique : logged in
04-04-2025 06:03 [CONNECTION] nique : logged in
04-04-2025 06:40 [CONNECTION] nique : logged in
04-04-2025 06:55 [CONNECTION] nique : logged in
04-04-2025 07:01 [SUCCESS] nique : Found : Jeannie Sivell
04-04-2025 13:23 [CONNECTION] nique : logged in
04-04-2025 13:26 [SUCCESS] nique : Creation ticket1019
04-04-2025 13:30 [SUCCESS] nique : Found : Jeannie Sivell
04-04-2025 13:40 [CONNECTION] nique : logged in
04-04-2025 13:40 [SUCCESS] nique : Found : Meghann Paulusch
04-04-2025 16:41 [CONNECTION] nique : logged in
04-04-2025 16:41 [SUCCESS] nique : Found : Meghann Paulusch
04-04-2025 16:47 [SUCCESS] nique : Found : Meghann Paulusch
04-04-2025 16:48 [SUCCESS] nique : Found : Meghann Paulusch
04-04-2025 17:04 [CONNECTION] nique : logged in
04-04-2025 17:19 [ERROR] nique : try logged in
04-04-2025 17:19 [ERROR] nique : try logged in
04-04-2025 18:34 [ERROR] nique : try logged in
04-04-2025 18:34 [ERROR] a : try logged in
04-04-2025 18:34 [ERROR] nique : try logged in
04-04-2025 18:35 [CONNECTION] nique : logged in
07-04-2025 21:43 [CONNECTION] nique : logged in
07-04-2025 21:43 [SUCCESS] nique : Found : Jeannie Sivell
07-04-2025 21:57 [SUCCESS] nique : Found : Jeannie Sivell
07-04-2025 22:08 [CONNECTION] nique : logged in
07-04-2025 22:08 [SUCCESS] nique : Found : Meghann Paulusch
07-04-2025 22:11 [SUCCESS] nique : Found : Meghann Paulusch
07-04-2025 22:11 [SUCCESS] nique : Found : Meghann Paulusch
07-04-2025 22:11 [SUCCESS] nique : Found : Meghann Paulusch
07-04-2025 22:12 [SUCCESS] nique : Found : Meghann Paulusch
07-04-2025 22:12 [SUCCESS] nique : Found : Meghann Paulusch
07-04-2025 22:12 [SUCCESS] nique : Found : Meghann Paulusch
07-04-2025 22:13 [SUCCESS] nique : Found : Meghann Paulusch
07-04-2025 22:13 [SUCCESS] nique : Found : Meghann Paulusch
07-04-2025 22:13 [SUCCESS] nique : Found : Meghann Paulusch
07-04-2025 22:15 [SUCCESS] nique : Found : Meghann Paulusch
07-04-2025 22:16 [SUCCESS] nique : Found : Meghann Paulusch
07-04-2025 22:16 [SUCCESS] nique : Found : Meghann Paulusch
07-04-2025 22:16 [SUCCESS] nique : Found : Meghann Paulusch
07-04-2025 22:18 [SUCCESS] nique : Found : Meghann Paulusch
07-04-2025 22:18 [SUCCESS] nique : Found : Meghann Paulusch
07-04-2025 23:52 [CONNECTION] nique : logged in
07-04-2025 23:52 [SUCCESS] nique : Found : Meghann Paulusch
07-04-2025 23:52 [SUCCESS] nique : Found : Meghann Paulusch
07-04-2025 23:52 [SUCCESS] nique : Found : Meghann Paulusch
07-04-2025 23:52 [SUCCESS] nique : Found : Meghann Paulusch
07-04-2025 23:52 [SUCCESS] nique : Found : Meghann Paulusch
07-04-2025 23:52 [SUCCESS] nique : Found : Meghann Paulusch
07-04-2025 23:52 [SUCCESS] nique : Found : Meghann Paulusch
07-04-2025 23:53 [SUCCESS] nique : Found : Meghann Paulusch
07-04-2025 23:53 [SUCCESS] nique : Found : Meghann Paulusch
07-04-2025 23:53 [SUCCESS] nique : Found : Jeannie Sivell
07-04-2025 23:54 [SUCCESS] nique : Found : Meghann Paulusch
08-04-2025 02:04 [CONNECTION] nique : logged in
08-04-2025 02:04 [SUCCESS] nique : Found : Meghann Paulusch
08-04-2025 02:05 [SUCCESS] nique : Found : Meghann Paulusch
08-04-2025 02:05 [SUCCESS] nique : Found : Meghann Paulusch
08-04-2025 02:11 [SUCCESS] nique : Found : Meghann Paulusch
08-04-2025 02:15 [SUCCESS] nique : Found : Meghann Paulusch
08-04-2025 02:15 [SUCCESS] nique : Found : Meghann Paulusch
08-04-2025 02:18 [SUCCESS] nique : Found : Meghann Paulusch
08-04-2025 02:22 [CONNECTION] nique : logged in
08-04-2025 02:22 [SUCCESS] nique : Found : Meghann Paulusch
08-04-2025 02:23 [SUCCESS] nique : Found : Meghann Paulusch
08-04-2025 02:23 [SUCCESS] nique : Found : Meghann Paulusch
08-04-2025 02:27 [SUCCESS] nique : Found : Meghann Paulusch
08-04-2025 02:27 [SUCCESS] nique : Creation ticket1019
08-04-2025 02:28 [SUCCESS] nique : Found : Regis De montauband
08-04-2025 02:31 [SUCCESS] nique : Creation ticket1019
08-04-2025 02:39 [CONNECTION] nique : logged in
08-04-2025 02:42 [SUCCESS] nique : Creation ticket1019
08-04-2025 02:42 [SUCCESS] nique : Found : Fred Fred
09-04-2025 14:42 [CONNECTION] nique : logged in
09-04-2025 14:42 [SUCCESS] nique : Found : Matthiew Fiveash
09-04-2025 14:43 [SUCCESS] nique : Found : Matthiew Fiveash
09-04-2025 14:44 [SUCCESS] nique : Found : Matthiew Fiveash
09-04-2025 14:59 [CONNECTION] nique : logged in
09-04-2025 15:04 [SUCCESS] nique : Found : Matthiew Fiveash
09-04-2025 15:04 [SUCCESS] nique : Found : Alfreda Dron
09-04-2025 15:05 [SUCCESS] nique : Found : Alfreda Dron
09-04-2025 15:15 [CONNECTION] nique : logged in
09-04-2025 15:15 [SUCCESS] nique : Found : Manfred Grant
09-04-2025 15:15 [SUCCESS] nique : Found : Manfred Grant
09-04-2025 15:31 [CONNECTION] nique : logged in
09-04-2025 15:31 [SUCCESS] nique : Found : Meghann Paulusch
09-04-2025 15:32 [SUCCESS] nique : Found : Freddi Truckett
09-04-2025 15:34 [SUCCESS] nique : Found : Freddi Truckett
09-04-2025 15:35 [SUCCESS] nique : Found : Andrea Stocks
09-04-2025 15:35 [SUCCESS] nique : Found : Andrea Stocks
09-04-2025 15:37 [SUCCESS] nique : Found : Freddi Truckett
09-04-2025 15:39 [SUCCESS] nique : Found : Freddi Truckett
09-04-2025 15:39 [SUCCESS] nique : Found : Freddi Truckett
09-04-2025 15:39 [SUCCESS] nique : Found : Freddi Truckett
09-04-2025 15:39 [SUCCESS] nique : Found : Alfreda Dron
09-04-2025 15:44 [SUCCESS] nique : Found : Freddi Truckett
09-04-2025 15:45 [SUCCESS] nique : Found : Freddi Truckett
27-04-2025 14:09 [CONNECTION] nique : logged in
27-04-2025 14:09 [SUCCESS] nique : Found : Jeannie Sivell
27-04-2025 14:09 [SUCCESS] nique : Found : Meghann Paulusch
