2025-01-31 16:24:54 [UPDATE] Ticket 18 modifié. Changements: Description: ca marche pas → ca march
2025-01-31 16:27:13 [UPDATE] Ticket 19 edited. Changes : Description: ABCD1234 → VOila bonsoir
2025-01-31 16:35:07 [SUCCES] Aplication running good
2025-01-31 16:35:15 [SUCCES] Aplication running good
2025-01-31 16:35:15 [SUCCES] User has been findPaulusch Meghann
2025-01-31 16:35:19 [SUCCES] Aplication running good
2025-01-31 16:35:55 [SUCCES] Aplication running good
2025-01-31 16:36:03 [SUCCES] User has been findHundley Fleming
2025-01-31 16:36:09 [SUCCES] User has been findHundley Fleming
2025-01-31 16:36:10 [SUCCES] User has been findHundley Fleming
2025-01-31 16:36:10 [SUCCES] User has been findHundley Fleming
2025-01-31 16:36:10 [SUCCES] User has been findHundley Fleming
2025-01-31 16:36:14 [UPDATE] Ticket 42 edited. Changes : État: Ouvert → Clos
2025-01-31 16:53:03 [SUCCES] User has been find :Paulusch Meghann
2025-01-31 17:15:01 [SUCCES] User has been find :Fiveash Matthiew2025-02-01 13:22:12 [SUCCES] User has been find : Paulusch Meghann
2025-02-01 13:22:23 [SUCCES] User has been find : Sivell Jeannie
2025-02-01 13:22:43 [UPDATE] Ticket 19 edited. Changes : Description: VOila bonsoir → VOila bon
2025-02-01 13:22:47 [SUCCES] User has been find : Sivell Jeannie
2025-02-02 16:09:30 [SUCCES] User has been found : Hultberg Dianemarie
2025-02-02 16:09:43 [UPDATE] Ticket 22 edited. Changes : Description: ABCD1234 → ca marche pas alallaa
2025-02-02 16:09:55 [SUCCES] User has been found : Hultberg Dianemarie
2025-02-02 16:21:32 [INSERT] User : ffff4444 has been created to user
2025-02-02 16:40:01 [INSERT] Ticket : 1008 has been created
2025-02-02 17:00:57 [INSERT] Ticket : 1009 has been created
2025-02-02 17:02:14 [INSERT] Ticket : 1010 has been created
2025-02-02 17:05:35 [INSERT] Ticket : 1011 has been created
2025-02-04 21:13:54 [SUCCESS] User has been found : Broadnicke Lura
2025-02-04 21:16:51 [SUCCESS] User has been found : Broadnicke Lura
2025-02-04 21:17:02 [SUCCESS] User has been found : Broadnicke Lura
2025-02-04 21:17:17 [UPDATE] Ticket 397 edited. Changes : Description: ABCD1234 → ABCD
2025-02-04 21:29:32 [SUCCESS] User has been found : Paulusch Meghann
2025-02-04 21:29:32 [SUCCESS] User has been found : Paulusch Meghann
2025-02-04 21:46:52 [SUCCESS] User has been found : Fiveash Matthiew
2025-02-04 21:47:15 [UPDATE] Ticket 8 edited. Changes : Description: ABCD1234 → Mon probleme c'est que quand je veux essaier de me co, ca me deco du vpn tout le temps
2025-02-04 21:47:15 [Error] Error on the request : UPDATE ticket SET description = 'Mon probleme c'est que quand je veux essaier de me co, ca me deco du vpn tout le temps' WHERE id = '8'
2025-02-04 21:47:15 [Error] [SQLITE_ERROR] SQL error or missing database (near "est": syntax error)
2025-02-04 21:47:20 [SUCCESS] User has been found : Fiveash Matthiew
2025-02-04 21:47:28 [UPDATE] Ticket 8 edited. Changes : Description: ABCD1234 → Mon probleme c'est que quand je veux essaier de me co, ca me deco du vpn tout le temps
2025-02-04 21:47:28 [Error] Error on the request : UPDATE ticket SET description = 'Mon probleme c'est que quand je veux essaier de me co, ca me deco du vpn tout le temps' WHERE id = '8'
2025-02-04 21:47:28 [Error] [SQLITE_ERROR] SQL error or missing database (near "est": syntax error)
2025-02-04 21:58:10 [SUCCESS] User has been found : Paulusch Meghann
2025-02-04 21:58:37 [INSERT] Ticket : 1012 has been created
2025-02-05 15:38:06 [SUCCESS] User has been found : Rennie Melantha
2025-02-05 15:39:52 [SUCCESS] User has been found : Fiveash Matthiew
2025-02-05 15:40:39 [SUCCESS] User has been found : Paulusch Meghann
2025-02-14 18:29:44 [Error] Error on the request : SELECT * FROM user WHERE cuid = ''"'"'
2025-02-14 18:29:44 [Error] [SQLITE_ERROR] SQL error or missing database (near ""'"": syntax error)
2025-02-14 18:29:44 [Error] Error on the request : INSERT INTO user VALUES (''"'"',''""'"',''""'','l@l','"'"'',''""'"')
2025-02-14 18:29:44 [Error] [SQLITE_ERROR] SQL error or missing database (near ""'"": syntax error)
2025-02-14 18:29:44 [Error] Error on the request : INSERT INTO ticket (cuid,description,state) VALUES (''"'"',''""'"','Ouvert')
2025-02-14 18:29:44 [Error] [SQLITE_ERROR] SQL error or missing database (near ""'"": syntax error)
2025-02-14 18:29:44 [ERROR] Ticket : 1013 can't be created
2025-02-16 16:43:18 [SUCCESS] User has been found : Paulusch Meghann
2025-02-16 16:43:22 [UPDATE] Ticket 18 edited. Changes : Description: ca march → ca ma
2025-02-16 16:44:03 [SUCCESS] User has been found : Paulusch Meghann
2025-02-16 16:44:07 [UPDATE] Ticket 18 edited. Changes : Description: ca march → ca mar
2025-02-16 16:44:10 [SUCCESS] User has been found : Paulusch Meghann
2025-02-16 16:44:40 [UPDATE] Ticket 18 edited. Changes : Description: ca march → ca m, État: Ouvert → En cours
2025-02-26 08:31:51 [SUCCESS] User has been found : Sivell Jeannie
2025-02-26 08:31:55 [UPDATE] Ticket 19 edited. Changes : Description: VOila bon → VOila 
2025-02-26 08:32:00 [SUCCESS] User has been found : Sivell Jeannie
2025-02-26 08:32:06 [SUCCESS] User has been found : Paulusch Meghann
2025-02-26 08:32:12 [SUCCESS] User has been found : Sivell Jeannie
2025-02-26 08:32:18 [UPDATE] Ticket 19 edited. Changes : Description: VOila bon → Bonjour
2025-02-26 08:32:19 [SUCCESS] User has been found : Sivell Jeannie
2025-02-26 08:35:13 [SUCCESS] User has been found : Paulusch Meghann
2025-02-26 08:35:18 [UPDATE] Ticket 18 edited. Changes : Description: ca march → ca marche pas
2025-02-26 08:38:13 [SUCCESS] User has been found : Paulusch Meghann
2025-02-26 08:38:19 [UPDATE] Ticket 18 edited. Changes : Description: ca marche pas → ca marche
2025-02-26 08:38:22 [SUCCESS] User has been found : Paulusch Meghann
2025-02-26 08:38:27 [SUCCESS] User has been found : Paulusch Meghann
26-02-2025 09:18 [SUCCESS] User has been found : Fiveash Matthiew
26-02-2025 09:49 [SUCCESS] User has been found : Fiveash Matthiew
26-02-2025 09:50 [SUCCESS] User has been found : Fiveash Matthiew
26-02-2025 09:53 [SUCCESS] User has been found : Fiveash Matthiew
26-02-2025 09:56 [SUCCESS] User has been found : Paulusch Meghann
26-02-2025 09:57 [UPDATE] Ticket 18 edited. Changes : Description: ca marche → ca marche je sais pas
26-02-2025 09:57 [SUCCESS] User has been found : Paulusch Meghann
26-02-2025 09:57 [SUCCESS] User has been found : Paulusch Meghann
26-02-2025 09:57 [SUCCESS] User has been found : Paulusch Meghann
26-02-2025 09:57 [SUCCESS] User has been found : Paulusch Meghann
26-02-2025 09:57 [SUCCESS] User has been found : Paulusch Meghann
26-02-2025 09:57 [SUCCESS] User has been found : Paulusch Meghann
26-02-2025 09:58 [SUCCESS] User has been found : Paulusch Meghann
26-02-2025 09:58 [SUCCESS] User has been found : Paulusch Meghann
26-02-2025 09:58 [SUCCESS] User has been found : Paulusch Meghann
26-02-2025 10:41 [SUCCESS] User has been found : Paulusch Meghann
26-02-2025 10:41 [SUCCESS] User has been found : Paulusch Meghann
26-02-2025 10:41 [SUCCESS] User has been found : Paulusch Meghann
26-02-2025 10:44 [SUCCESS] User has been found : Cockshoot Stormie
26-02-2025 13:26 [SUCCESS] User has been found : Paulusch Meghann
26-02-2025 13:26 [SUCCESS] User has been found : Paulusch Meghann
26-02-2025 13:26 [SUCCESS] User has been found : Paulusch Meghann
26-02-2025 13:26 [SUCCESS] User has been found : Paulusch Meghann
26-02-2025 13:26 [SUCCESS] User has been found : Paulusch Meghann
26-02-2025 13:26 [SUCCESS] User has been found : Paulusch Meghann
26-02-2025 13:26 [SUCCESS] User has been found : Paulusch Meghann
26-02-2025 13:26 [SUCCESS] User has been found : Paulusch Meghann
26-02-2025 13:26 [SUCCESS] User has been found : Paulusch Meghann
26-02-2025 13:26 [SUCCESS] User has been found : Paulusch Meghann
26-02-2025 13:26 [SUCCESS] User has been found : Paulusch Meghann
26-02-2025 13:27 [SUCCESS] User has been found : Paulusch Meghann
26-02-2025 13:28 [SUCCESS] User has been found : Paulusch Meghann
26-02-2025 13:28 [SUCCESS] User has been found : Paulusch Meghann
26-02-2025 13:28 [SUCCESS] User has been found : Paulusch Meghann
26-02-2025 13:28 [SUCCESS] User has been found : Paulusch Meghann
26-02-2025 13:28 [SUCCESS] User has been found : Paulusch Meghann
26-02-2025 13:28 [SUCCESS] User has been found : Paulusch Meghann
26-02-2025 13:28 [SUCCESS] User has been found : Paulusch Meghann
26-02-2025 13:28 [SUCCESS] User has been found : Paulusch Meghann
26-02-2025 13:28 [SUCCESS] User has been found : Paulusch Meghann
26-02-2025 13:28 [SUCCESS] User has been found : Paulusch Meghann
26-02-2025 13:28 [SUCCESS] User has been found : Paulusch Meghann
26-02-2025 13:28 [SUCCESS] User has been found : Paulusch Meghann
26-02-2025 13:28 [SUCCESS] User has been found : Paulusch Meghann
26-02-2025 13:28 [SUCCESS] User has been found : Paulusch Meghann
26-02-2025 13:30 [SUCCESS] User has been found : Paulusch Meghann
26-02-2025 13:30 [SUCCESS] User has been found : Paulusch Meghann
26-02-2025 13:30 [SUCCESS] User has been found : Paulusch Meghann
26-02-2025 13:30 [SUCCESS] User has been found : Paulusch Meghann
26-02-2025 13:30 [SUCCESS] User has been found : Paulusch Meghann
26-02-2025 13:30 [SUCCESS] User has been found : Paulusch Meghann
26-02-2025 13:30 [SUCCESS] User has been found : Paulusch Meghann
26-02-2025 13:30 [SUCCESS] User has been found : Paulusch Meghann
26-02-2025 13:30 [SUCCESS] User has been found : Paulusch Meghann
26-02-2025 13:30 [SUCCESS] User has been found : Paulusch Meghann
26-02-2025 13:30 [SUCCESS] User has been found : Paulusch Meghann
26-02-2025 13:30 [SUCCESS] User has been found : Paulusch Meghann
26-02-2025 13:30 [SUCCESS] User has been found : Paulusch Meghann
26-02-2025 13:30 [SUCCESS] User has been found : Paulusch Meghann
26-02-2025 13:30 [SUCCESS] User has been found : Paulusch Meghann
26-02-2025 13:30 [SUCCESS] User has been found : Paulusch Meghann
26-02-2025 13:30 [SUCCESS] User has been found : Paulusch Meghann
26-02-2025 13:34 [SUCCESS] User has been found : Paulusch Meghann
26-02-2025 13:34 [SUCCESS] User has been found : Paulusch Meghann
26-02-2025 13:34 [SUCCESS] User has been found : Paulusch Meghann
26-02-2025 13:34 [SUCCESS] User has been found : Paulusch Meghann
26-02-2025 13:34 [SUCCESS] User has been found : Paulusch Meghann
26-02-2025 13:34 [SUCCESS] User has been found : Paulusch Meghann
26-02-2025 13:34 [SUCCESS] User has been found : Paulusch Meghann
26-02-2025 13:34 [SUCCESS] User has been found : Paulusch Meghann
26-02-2025 13:34 [SUCCESS] User has been found : Paulusch Meghann
26-02-2025 13:34 [SUCCESS] User has been found : Paulusch Meghann
26-02-2025 13:34 [SUCCESS] User has been found : Paulusch Meghann
26-02-2025 13:34 [SUCCESS] User has been found : Paulusch Meghann
26-02-2025 13:34 [SUCCESS] User has been found : Paulusch Meghann
26-02-2025 13:35 [SUCCESS] User has been found : Paulusch Meghann
26-02-2025 13:35 [SUCCESS] User has been found : Paulusch Meghann
26-02-2025 13:35 [SUCCESS] User has been found : Paulusch Meghann
26-02-2025 13:35 [SUCCESS] User has been found : Paulusch Meghann
26-02-2025 13:35 [SUCCESS] User has been found : Paulusch Meghann
26-02-2025 13:35 [SUCCESS] User has been found : Paulusch Meghann
26-02-2025 13:35 [SUCCESS] User has been found : Paulusch Meghann
26-02-2025 13:35 [SUCCESS] User has been found : Paulusch Meghann
26-02-2025 13:35 [SUCCESS] User has been found : Paulusch Meghann
26-02-2025 13:35 [SUCCESS] User has been found : Paulusch Meghann
26-02-2025 13:35 [SUCCESS] User has been found : Paulusch Meghann
26-02-2025 13:35 [SUCCESS] User has been found : Paulusch Meghann
26-02-2025 13:35 [SUCCESS] User has been found : Paulusch Meghann
26-02-2025 13:35 [SUCCESS] User has been found : Paulusch Meghann
26-02-2025 13:35 [SUCCESS] User has been found : Paulusch Meghann
26-02-2025 13:37 [SUCCESS] User has been found : Paulusch Meghann
26-02-2025 13:37 [SUCCESS] User has been found : Paulusch Meghann
26-02-2025 13:37 [SUCCESS] User has been found : Paulusch Meghann
26-02-2025 13:37 [SUCCESS] User has been found : Paulusch Meghann
26-02-2025 13:37 [SUCCESS] User has been found : Paulusch Meghann
26-02-2025 13:37 [SUCCESS] User has been found : Paulusch Meghann
26-02-2025 13:37 [SUCCESS] User has been found : Paulusch Meghann
26-02-2025 13:37 [SUCCESS] User has been found : Paulusch Meghann
26-02-2025 13:37 [SUCCESS] User has been found : Paulusch Meghann
26-02-2025 13:37 [SUCCESS] User has been found : Paulusch Meghann
26-02-2025 13:38 [SUCCESS] User has been found : Paulusch Meghann
26-02-2025 13:38 [SUCCESS] User has been found : Paulusch Meghann
26-02-2025 13:38 [SUCCESS] User has been found : Paulusch Meghann
26-02-2025 13:38 [SUCCESS] User has been found : Paulusch Meghann
26-02-2025 13:38 [SUCCESS] User has been found : Paulusch Meghann
26-02-2025 13:38 [SUCCESS] User has been found : Paulusch Meghann
26-02-2025 13:38 [SUCCESS] User has been found : Paulusch Meghann
26-02-2025 13:38 [SUCCESS] User has been found : Paulusch Meghann
26-02-2025 13:38 [SUCCESS] User has been found : Paulusch Meghann
26-02-2025 13:40 [SUCCESS] User has been found : Paulusch Meghann
26-02-2025 13:40 [SUCCESS] User has been found : Paulusch Meghann
26-02-2025 13:40 [SUCCESS] User has been found : Paulusch Meghann
26-02-2025 13:40 [SUCCESS] User has been found : Paulusch Meghann
26-02-2025 13:40 [SUCCESS] User has been found : Paulusch Meghann
26-02-2025 13:40 [SUCCESS] User has been found : Paulusch Meghann
26-02-2025 13:40 [SUCCESS] User has been found : Paulusch Meghann
26-02-2025 13:40 [SUCCESS] User has been found : Paulusch Meghann
26-02-2025 13:40 [SUCCESS] User has been found : Paulusch Meghann
26-02-2025 13:40 [SUCCESS] User has been found : Paulusch Meghann
26-02-2025 13:40 [SUCCESS] User has been found : Paulusch Meghann
26-02-2025 13:40 [SUCCESS] User has been found : Paulusch Meghann
26-02-2025 13:40 [SUCCESS] User has been found : Paulusch Meghann
26-02-2025 13:40 [SUCCESS] User has been found : Paulusch Meghann
26-02-2025 13:41 [SUCCESS] User has been found : Paulusch Meghann
26-02-2025 13:41 [SUCCESS] User has been found : Paulusch Meghann
26-02-2025 13:45 [SUCCESS] User has been found : Paulusch Meghann
26-02-2025 13:45 [SUCCESS] User has been found : Paulusch Meghann
26-02-2025 13:45 [SUCCESS] User has been found : Paulusch Meghann
26-02-2025 13:45 [SUCCESS] User has been found : Paulusch Meghann
26-02-2025 13:45 [SUCCESS] User has been found : Paulusch Meghann
26-02-2025 13:45 [SUCCESS] User has been found : Paulusch Meghann
26-02-2025 13:45 [SUCCESS] User has been found : Paulusch Meghann
26-02-2025 13:45 [SUCCESS] User has been found : Paulusch Meghann
26-02-2025 13:45 [SUCCESS] User has been found : Paulusch Meghann
26-02-2025 13:45 [SUCCESS] User has been found : Paulusch Meghann
26-02-2025 13:45 [SUCCESS] User has been found : Paulusch Meghann
26-02-2025 13:45 [SUCCESS] User has been found : Paulusch Meghann
26-02-2025 13:45 [SUCCESS] User has been found : Paulusch Meghann
26-02-2025 13:50 [SUCCESS] User has been found : Paulusch Meghann
26-02-2025 13:50 [SUCCESS] User has been found : Paulusch Meghann
26-02-2025 13:50 [SUCCESS] User has been found : Paulusch Meghann
26-02-2025 13:50 [SUCCESS] User has been found : Paulusch Meghann
26-02-2025 13:50 [SUCCESS] User has been found : Paulusch Meghann
26-02-2025 13:50 [SUCCESS] User has been found : Paulusch Meghann
26-02-2025 13:50 [SUCCESS] User has been found : Paulusch Meghann
26-02-2025 13:50 [SUCCESS] User has been found : Paulusch Meghann
26-02-2025 13:50 [SUCCESS] User has been found : Paulusch Meghann
26-02-2025 13:50 [SUCCESS] User has been found : Paulusch Meghann
26-02-2025 13:50 [SUCCESS] User has been found : Paulusch Meghann
26-02-2025 13:50 [SUCCESS] User has been found : Paulusch Meghann
26-02-2025 13:50 [SUCCESS] User has been found : Paulusch Meghann
26-02-2025 13:50 [SUCCESS] User has been found : Paulusch Meghann
26-02-2025 13:50 [SUCCESS] User has been found : Paulusch Meghann
26-02-2025 13:50 [SUCCESS] User has been found : Paulusch Meghann
26-02-2025 13:51 [SUCCESS] User has been found : Paulusch Meghann
26-02-2025 13:51 [SUCCESS] User has been found : Paulusch Meghann
26-02-2025 13:51 [SUCCESS] User has been found : Paulusch Meghann
26-02-2025 13:51 [SUCCESS] User has been found : Paulusch Meghann
26-02-2025 13:51 [SUCCESS] User has been found : Paulusch Meghann
26-02-2025 13:51 [SUCCESS] User has been found : Paulusch Meghann
26-02-2025 13:51 [SUCCESS] User has been found : Paulusch Meghann
26-02-2025 13:51 [SUCCESS] User has been found : Paulusch Meghann
26-02-2025 13:51 [SUCCESS] User has been found : Paulusch Meghann
26-02-2025 13:51 [SUCCESS] User has been found : Paulusch Meghann
26-02-2025 13:51 [SUCCESS] User has been found : Paulusch Meghann
26-02-2025 13:51 [SUCCESS] User has been found : Paulusch Meghann
26-02-2025 13:51 [SUCCESS] User has been found : Paulusch Meghann
26-02-2025 13:51 [SUCCESS] User has been found : Paulusch Meghann
26-02-2025 13:51 [SUCCESS] User has been found : Paulusch Meghann
26-02-2025 13:51 [SUCCESS] User has been found : Paulusch Meghann
26-02-2025 13:53 [SUCCESS] User has been found : Paulusch Meghann
26-02-2025 13:53 [SUCCESS] User has been found : Paulusch Meghann
26-02-2025 13:53 [SUCCESS] User has been found : Paulusch Meghann
26-02-2025 13:53 [SUCCESS] User has been found : Paulusch Meghann
26-02-2025 13:53 [SUCCESS] User has been found : Paulusch Meghann
26-02-2025 13:53 [SUCCESS] User has been found : Paulusch Meghann
26-02-2025 13:53 [SUCCESS] User has been found : Paulusch Meghann
26-02-2025 13:53 [SUCCESS] User has been found : Paulusch Meghann
26-02-2025 13:53 [SUCCESS] User has been found : Paulusch Meghann
26-02-2025 13:53 [SUCCESS] User has been found : Paulusch Meghann
26-02-2025 13:55 [SUCCESS] User has been found : Paulusch Meghann
26-02-2025 13:56 [SUCCESS] User has been found : Paulusch Meghann
26-02-2025 13:58 [SUCCESS] User has been found : Paulusch Meghann
26-02-2025 14:00 [SUCCESS] User has been found : Paulusch Meghann
26-02-2025 14:00 [SUCCESS] User has been found : Paulusch Meghann
26-02-2025 14:00 [SUCCESS] User has been found : Paulusch Meghann
26-02-2025 14:00 [SUCCESS] User has been found : Paulusch Meghann
26-02-2025 14:00 [SUCCESS] User has been found : Paulusch Meghann
26-02-2025 14:00 [SUCCESS] User has been found : Paulusch Meghann
26-02-2025 14:00 [SUCCESS] User has been found : Paulusch Meghann
26-02-2025 14:00 [SUCCESS] User has been found : Paulusch Meghann
26-02-2025 14:00 [SUCCESS] User has been found : Paulusch Meghann
26-02-2025 14:00 [SUCCESS] User has been found : Paulusch Meghann
26-02-2025 14:00 [SUCCESS] User has been found : Paulusch Meghann
26-02-2025 14:00 [SUCCESS] User has been found : Paulusch Meghann
26-02-2025 14:00 [SUCCESS] User has been found : Paulusch Meghann
26-02-2025 14:00 [SUCCESS] User has been found : Paulusch Meghann
26-02-2025 14:00 [SUCCESS] User has been found : Paulusch Meghann
26-02-2025 14:00 [SUCCESS] User has been found : Paulusch Meghann
26-02-2025 14:00 [SUCCESS] User has been found : Paulusch Meghann
26-02-2025 14:00 [SUCCESS] User has been found : Paulusch Meghann
26-02-2025 14:01 [SUCCESS] User has been found : Paulusch Meghann
26-02-2025 14:34 [SUCCESS] User has been found : Paulusch Meghann
26-02-2025 15:11 [SUCCESS] User has been found : Paulusch Meghann
